[0m13:58:19.254441 [debug] [MainThread]: Sending event: {'category': 'dbt', 'action': 'invocation', 'label': 'start', 'context': [<snowplow_tracker.self_describing_json.SelfDescribingJson object at 0x0000021E7525EB50>, <snowplow_tracker.self_describing_json.SelfDescribingJson object at 0x0000021E77D18820>, <snowplow_tracker.self_describing_json.SelfDescribingJson object at 0x0000021E77D18580>]}


============================== 13:58:19.270077 | f9b91f5d-9765-435f-bf9f-b4c5045e8f34 ==============================
[0m13:58:19.270077 [info ] [MainThread]: Running with dbt=1.8.7
[0m13:58:19.270077 [debug] [MainThread]: running dbt with arguments {'printer_width': '80', 'indirect_selection': 'eager', 'write_json': 'True', 'log_cache_events': 'False', 'partial_parse': 'True', 'cache_selected_only': 'False', 'warn_error': 'None', 'version_check': 'True', 'profiles_dir': 'C:\\Users\\Samsung\\.dbt', 'log_path': 'logs', 'debug': 'False', 'fail_fast': 'False', 'use_colors': 'True', 'use_experimental_parser': 'False', 'no_print': 'None', 'quiet': 'False', 'empty': 'None', 'log_format': 'default', 'introspect': 'True', 'static_parser': 'True', 'warn_error_options': 'WarnErrorOptions(include=[], exclude=[])', 'target_path': 'None', 'invocation_command': 'dbt init jaffle_shop', 'send_anonymous_usage_stats': 'True'}
[0m13:58:19.305260 [debug] [MainThread]: Starter project path: C:\Users\Samsung\1.3_Data_Engineering\DBT\dbt-env\lib\site-packages\dbt\include\starter_project
[0m13:58:19.332258 [info ] [MainThread]: 
Your new dbt project "jaffle_shop" was created!

For more information on how to configure the profiles.yml file,
please consult the dbt documentation here:

  https://docs.getdbt.com/docs/configure-your-profile

One more thing:

Need help? Don't hesitate to reach out to us via GitHub issues or on Slack:

  https://community.getdbt.com/

Happy modeling!

[0m13:58:19.336216 [info ] [MainThread]: Setting up your profile.
[0m13:58:27.398261 [error] [MainThread]: Encountered an error:

[0m13:58:27.407109 [error] [MainThread]: Traceback (most recent call last):
  File "C:\Users\Samsung\1.3_Data_Engineering\DBT\dbt-env\lib\site-packages\dbt\cli\requires.py", line 138, in wrapper
    result, success = func(*args, **kwargs)
  File "C:\Users\Samsung\1.3_Data_Engineering\DBT\dbt-env\lib\site-packages\dbt\cli\requires.py", line 101, in wrapper
    return func(*args, **kwargs)
  File "C:\Users\Samsung\1.3_Data_Engineering\DBT\dbt-env\lib\site-packages\dbt\cli\main.py", line 470, in init
    results = task.run()
  File "C:\Users\Samsung\1.3_Data_Engineering\DBT\dbt-env\lib\site-packages\dbt\task\init.py", line 347, in run
    self.setup_profile(profile_name)
  File "C:\Users\Samsung\1.3_Data_Engineering\DBT\dbt-env\lib\site-packages\dbt\task\init.py", line 263, in setup_profile
    self.create_profile_from_target(adapter, profile_name=profile_name)
  File "C:\Users\Samsung\1.3_Data_Engineering\DBT\dbt-env\lib\site-packages\dbt\task\init.py", line 180, in create_profile_from_target
    self.create_profile_from_profile_template(profile_template, profile_name)
  File "C:\Users\Samsung\1.3_Data_Engineering\DBT\dbt-env\lib\site-packages\dbt\task\init.py", line 164, in create_profile_from_profile_template
    target = self.generate_target_from_input(prompts, initial_target)
  File "C:\Users\Samsung\1.3_Data_Engineering\DBT\dbt-env\lib\site-packages\dbt\task\init.py", line 130, in generate_target_from_input
    target[key] = click.prompt(
  File "C:\Users\Samsung\1.3_Data_Engineering\DBT\dbt-env\lib\site-packages\click\termui.py", line 164, in prompt
    value = prompt_func(prompt)
  File "C:\Users\Samsung\1.3_Data_Engineering\DBT\dbt-env\lib\site-packages\click\termui.py", line 147, in prompt_func
    raise Abort() from None
click.exceptions.Abort

[0m13:58:27.413114 [debug] [MainThread]: Command `dbt init` failed at 13:58:27.413114 after 8.24 seconds
[0m13:58:27.414135 [debug] [MainThread]: Sending event: {'category': 'dbt', 'action': 'invocation', 'label': 'end', 'context': [<snowplow_tracker.self_describing_json.SelfDescribingJson object at 0x0000021E7525EB50>, <snowplow_tracker.self_describing_json.SelfDescribingJson object at 0x0000021E751434C0>, <snowplow_tracker.self_describing_json.SelfDescribingJson object at 0x0000021E7513A730>]}
[0m13:58:27.415109 [debug] [MainThread]: Flushing usage events
